CRITICAL - 2025-05-28 14:56:08 --> ParseError: syntax error, unexpected token "/"
[Method: GET, Route: /]
in APPPATH\Views\front\productos.php on line 17.
 1 SYSTEMPATH\View\View.php(227): CodeIgniter\View\View->CodeIgniter\View\{closure}()
 2 SYSTEMPATH\Common.php(1173): CodeIgniter\View\View->render('front/productos', [], true)
 3 APPPATH\Controllers\Home.php(12): view('front/productos')
 4 SYSTEMPATH\CodeIgniter.php(933): App\Controllers\Home->index()
 5 SYSTEMPATH\CodeIgniter.php(507): CodeIgniter\CodeIgniter->runController(Object(App\Controllers\Home))
 6 SYSTEMPATH\CodeIgniter.php(354): CodeIgniter\CodeIgniter->handleRequest(null, Object(Config\Cache), false)
 7 SYSTEMPATH\Boot.php(334): CodeIgniter\CodeIgniter->run()
 8 SYSTEMPATH\Boot.php(67): CodeIgniter\Boot::runCodeIgniter(Object(CodeIgniter\CodeIgniter))
 9 FCPATH\index.php(59): CodeIgniter\Boot::bootWeb(Object(Config\Paths))
CRITICAL - 2025-05-28 15:11:24 --> CodeIgniter\View\Exceptions\ViewException: Invalid file: "app/Views/front/componentes/productoTarjeta.php"
[Method: GET, Route: productos/iphone]
in SYSTEMPATH\Exceptions\FrameworkException.php on line 39.
 1 SYSTEMPATH\View\View.php(212): CodeIgniter\Exceptions\FrameworkException::forInvalidFile('app/Views/front/componentes/productoTarjeta.php')
 2 SYSTEMPATH\Common.php(1173): CodeIgniter\View\View->render('app/Views/front/componentes/productoTarjeta.php', [], true)
 3 APPPATH\Views\front\productos\productosTodos.php(4): view('app/Views/front/componentes/productoTarjeta.php')
 4 SYSTEMPATH\View\View.php(224): include('C:\\xampp\\htdocs\\ProT2_46516214\\app\\Views\\front\\productos\\productosTodos.php')
 5 SYSTEMPATH\View\View.php(227): CodeIgniter\View\View->CodeIgniter\View\{closure}()
 6 SYSTEMPATH\Common.php(1173): CodeIgniter\View\View->render('front/productos/productosTodos', [], true)
 7 APPPATH\Controllers\Home.php(28): view('front/productos/productosTodos')
 8 SYSTEMPATH\CodeIgniter.php(933): App\Controllers\Home->iPhone16ProMax()
 9 SYSTEMPATH\CodeIgniter.php(507): CodeIgniter\CodeIgniter->runController(Object(App\Controllers\Home))
10 SYSTEMPATH\CodeIgniter.php(354): CodeIgniter\CodeIgniter->handleRequest(null, Object(Config\Cache), false)
11 SYSTEMPATH\Boot.php(334): CodeIgniter\CodeIgniter->run()
12 SYSTEMPATH\Boot.php(67): CodeIgniter\Boot::runCodeIgniter(Object(CodeIgniter\CodeIgniter))
13 FCPATH\index.php(59): CodeIgniter\Boot::bootWeb(Object(Config\Paths))
CRITICAL - 2025-05-28 15:11:38 --> CodeIgniter\View\Exceptions\ViewException: Invalid file: "app/Views/front/componentes/productoTarjeta.php"
[Method: GET, Route: productos/iphone]
in SYSTEMPATH\Exceptions\FrameworkException.php on line 39.
 1 SYSTEMPATH\View\View.php(212): CodeIgniter\Exceptions\FrameworkException::forInvalidFile('app/Views/front/componentes/productoTarjeta.php')
 2 SYSTEMPATH\Common.php(1173): CodeIgniter\View\View->render('app/Views/front/componentes/productoTarjeta.php', [], true)
 3 APPPATH\Views\front\productos\productosTodos.php(4): view('app/Views/front/componentes/productoTarjeta.php')
 4 SYSTEMPATH\View\View.php(224): include('C:\\xampp\\htdocs\\ProT2_46516214\\app\\Views\\front\\productos\\productosTodos.php')
 5 SYSTEMPATH\View\View.php(227): CodeIgniter\View\View->CodeIgniter\View\{closure}()
 6 SYSTEMPATH\Common.php(1173): CodeIgniter\View\View->render('front/productos/productosTodos', [], true)
 7 APPPATH\Controllers\Home.php(28): view('front/productos/productosTodos')
 8 SYSTEMPATH\CodeIgniter.php(933): App\Controllers\Home->iPhone16ProMax()
 9 SYSTEMPATH\CodeIgniter.php(507): CodeIgniter\CodeIgniter->runController(Object(App\Controllers\Home))
10 SYSTEMPATH\CodeIgniter.php(354): CodeIgniter\CodeIgniter->handleRequest(null, Object(Config\Cache), false)
11 SYSTEMPATH\Boot.php(334): CodeIgniter\CodeIgniter->run()
12 SYSTEMPATH\Boot.php(67): CodeIgniter\Boot::runCodeIgniter(Object(CodeIgniter\CodeIgniter))
13 FCPATH\index.php(59): CodeIgniter\Boot::bootWeb(Object(Config\Paths))
CRITICAL - 2025-05-28 15:15:34 --> CodeIgniter\View\Exceptions\ViewException: Invalid file: "front/navbar.php"
[Method: GET, Route: /]
in SYSTEMPATH\Exceptions\FrameworkException.php on line 39.
 1 SYSTEMPATH\View\View.php(212): CodeIgniter\Exceptions\FrameworkException::forInvalidFile('front/navbar.php')
 2 SYSTEMPATH\Common.php(1173): CodeIgniter\View\View->render('front/navbar', [], true)
 3 APPPATH\Controllers\Home.php(10): view('front/navbar')
 4 SYSTEMPATH\CodeIgniter.php(933): App\Controllers\Home->index()
 5 SYSTEMPATH\CodeIgniter.php(507): CodeIgniter\CodeIgniter->runController(Object(App\Controllers\Home))
 6 SYSTEMPATH\CodeIgniter.php(354): CodeIgniter\CodeIgniter->handleRequest(null, Object(Config\Cache), false)
 7 SYSTEMPATH\Boot.php(334): CodeIgniter\CodeIgniter->run()
 8 SYSTEMPATH\Boot.php(67): CodeIgniter\Boot::runCodeIgniter(Object(CodeIgniter\CodeIgniter))
 9 FCPATH\index.php(59): CodeIgniter\Boot::bootWeb(Object(Config\Paths))
CRITICAL - 2025-05-28 15:15:50 --> CodeIgniter\View\Exceptions\ViewException: Invalid file: "front/seccion/head.php"
[Method: GET, Route: /]
in SYSTEMPATH\Exceptions\FrameworkException.php on line 39.
 1 SYSTEMPATH\View\View.php(212): CodeIgniter\Exceptions\FrameworkException::forInvalidFile('front/seccion/head.php')
 2 SYSTEMPATH\Common.php(1173): CodeIgniter\View\View->render('front/seccion/head', [], true)
 3 APPPATH\Controllers\Home.php(9): view('front/seccion/head')
 4 SYSTEMPATH\CodeIgniter.php(933): App\Controllers\Home->index()
 5 SYSTEMPATH\CodeIgniter.php(507): CodeIgniter\CodeIgniter->runController(Object(App\Controllers\Home))
 6 SYSTEMPATH\CodeIgniter.php(354): CodeIgniter\CodeIgniter->handleRequest(null, Object(Config\Cache), false)
 7 SYSTEMPATH\Boot.php(334): CodeIgniter\CodeIgniter->run()
 8 SYSTEMPATH\Boot.php(67): CodeIgniter\Boot::runCodeIgniter(Object(CodeIgniter\CodeIgniter))
 9 FCPATH\index.php(59): CodeIgniter\Boot::bootWeb(Object(Config\Paths))
CRITICAL - 2025-05-28 15:15:59 --> CodeIgniter\View\Exceptions\ViewException: Invalid file: "front/secciones/head.php"
[Method: GET, Route: /]
in SYSTEMPATH\Exceptions\FrameworkException.php on line 39.
 1 SYSTEMPATH\View\View.php(212): CodeIgniter\Exceptions\FrameworkException::forInvalidFile('front/secciones/head.php')
 2 SYSTEMPATH\Common.php(1173): CodeIgniter\View\View->render('front/secciones/head', [], true)
 3 APPPATH\Controllers\Home.php(9): view('front/secciones/head')
 4 SYSTEMPATH\CodeIgniter.php(933): App\Controllers\Home->index()
 5 SYSTEMPATH\CodeIgniter.php(507): CodeIgniter\CodeIgniter->runController(Object(App\Controllers\Home))
 6 SYSTEMPATH\CodeIgniter.php(354): CodeIgniter\CodeIgniter->handleRequest(null, Object(Config\Cache), false)
 7 SYSTEMPATH\Boot.php(334): CodeIgniter\CodeIgniter->run()
 8 SYSTEMPATH\Boot.php(67): CodeIgniter\Boot::runCodeIgniter(Object(CodeIgniter\CodeIgniter))
 9 FCPATH\index.php(59): CodeIgniter\Boot::bootWeb(Object(Config\Paths))
CRITICAL - 2025-05-28 15:17:57 --> CodeIgniter\View\Exceptions\ViewException: Invalid file: "/front/componentes/productoTarjeta.php"
[Method: GET, Route: /]
in SYSTEMPATH\Exceptions\FrameworkException.php on line 39.
 1 SYSTEMPATH\View\View.php(212): CodeIgniter\Exceptions\FrameworkException::forInvalidFile('/front/componentes/productoTarjeta.php')
 2 SYSTEMPATH\Common.php(1173): CodeIgniter\View\View->render('/front/componentes/productoTarjeta.php', [], true)
 3 APPPATH\Views\front\secciones\productos.php(12): view('/front/componentes/productoTarjeta.php')
 4 SYSTEMPATH\View\View.php(224): include('C:\\xampp\\htdocs\\ProT2_46516214\\app\\Views\\front\\secciones\\productos.php')
 5 SYSTEMPATH\View\View.php(227): CodeIgniter\View\View->CodeIgniter\View\{closure}()
 6 SYSTEMPATH\Common.php(1173): CodeIgniter\View\View->render('front/secciones/productos', [], true)
 7 APPPATH\Controllers\Home.php(12): view('front/secciones/productos')
 8 SYSTEMPATH\CodeIgniter.php(933): App\Controllers\Home->index()
 9 SYSTEMPATH\CodeIgniter.php(507): CodeIgniter\CodeIgniter->runController(Object(App\Controllers\Home))
10 SYSTEMPATH\CodeIgniter.php(354): CodeIgniter\CodeIgniter->handleRequest(null, Object(Config\Cache), false)
11 SYSTEMPATH\Boot.php(334): CodeIgniter\CodeIgniter->run()
12 SYSTEMPATH\Boot.php(67): CodeIgniter\Boot::runCodeIgniter(Object(CodeIgniter\CodeIgniter))
13 FCPATH\index.php(59): CodeIgniter\Boot::bootWeb(Object(Config\Paths))
CRITICAL - 2025-05-28 15:20:15 --> CodeIgniter\View\Exceptions\ViewException: Invalid file: "front/productos.php"
[Method: GET, Route: productos]
in SYSTEMPATH\Exceptions\FrameworkException.php on line 39.
 1 SYSTEMPATH\View\View.php(212): CodeIgniter\Exceptions\FrameworkException::forInvalidFile('front/productos.php')
 2 SYSTEMPATH\Common.php(1173): CodeIgniter\View\View->render('front/productos', [], true)
 3 APPPATH\Controllers\Home.php(20): view('front/productos')
 4 SYSTEMPATH\CodeIgniter.php(933): App\Controllers\Home->productos()
 5 SYSTEMPATH\CodeIgniter.php(507): CodeIgniter\CodeIgniter->runController(Object(App\Controllers\Home))
 6 SYSTEMPATH\CodeIgniter.php(354): CodeIgniter\CodeIgniter->handleRequest(null, Object(Config\Cache), false)
 7 SYSTEMPATH\Boot.php(334): CodeIgniter\CodeIgniter->run()
 8 SYSTEMPATH\Boot.php(67): CodeIgniter\Boot::runCodeIgniter(Object(CodeIgniter\CodeIgniter))
 9 FCPATH\index.php(59): CodeIgniter\Boot::bootWeb(Object(Config\Paths))
CRITICAL - 2025-05-28 15:22:15 --> CodeIgniter\View\Exceptions\ViewException: Invalid file: "front/head.php"
[Method: GET, Route: productos/iphone]
in SYSTEMPATH\Exceptions\FrameworkException.php on line 39.
 1 SYSTEMPATH\View\View.php(212): CodeIgniter\Exceptions\FrameworkException::forInvalidFile('front/head.php')
 2 SYSTEMPATH\Common.php(1173): CodeIgniter\View\View->render('front/head', [], true)
 3 APPPATH\Controllers\Home.php(26): view('front/head')
 4 SYSTEMPATH\CodeIgniter.php(933): App\Controllers\Home->iPhone16ProMax()
 5 SYSTEMPATH\CodeIgniter.php(507): CodeIgniter\CodeIgniter->runController(Object(App\Controllers\Home))
 6 SYSTEMPATH\CodeIgniter.php(354): CodeIgniter\CodeIgniter->handleRequest(null, Object(Config\Cache), false)
 7 SYSTEMPATH\Boot.php(334): CodeIgniter\CodeIgniter->run()
 8 SYSTEMPATH\Boot.php(67): CodeIgniter\Boot::runCodeIgniter(Object(CodeIgniter\CodeIgniter))
 9 FCPATH\index.php(59): CodeIgniter\Boot::bootWeb(Object(Config\Paths))
CRITICAL - 2025-05-28 15:22:34 --> CodeIgniter\View\Exceptions\ViewException: Invalid file: "front/productos/productosTodos.php"
[Method: GET, Route: productos/iphone]
in SYSTEMPATH\Exceptions\FrameworkException.php on line 39.
 1 SYSTEMPATH\View\View.php(212): CodeIgniter\Exceptions\FrameworkException::forInvalidFile('front/productos/productosTodos.php')
 2 SYSTEMPATH\Common.php(1173): CodeIgniter\View\View->render('front/productos/productosTodos', [], true)
 3 APPPATH\Controllers\Home.php(28): view('front/productos/productosTodos')
 4 SYSTEMPATH\CodeIgniter.php(933): App\Controllers\Home->iPhone16ProMax()
 5 SYSTEMPATH\CodeIgniter.php(507): CodeIgniter\CodeIgniter->runController(Object(App\Controllers\Home))
 6 SYSTEMPATH\CodeIgniter.php(354): CodeIgniter\CodeIgniter->handleRequest(null, Object(Config\Cache), false)
 7 SYSTEMPATH\Boot.php(334): CodeIgniter\CodeIgniter->run()
 8 SYSTEMPATH\Boot.php(67): CodeIgniter\Boot::runCodeIgniter(Object(CodeIgniter\CodeIgniter))
 9 FCPATH\index.php(59): CodeIgniter\Boot::bootWeb(Object(Config\Paths))
